[2024-12-19 12:39:11,420] [PID 7] [MainThread] [dramatiq.MainProcess] [INFO] Dramatiq '1.17.1' is booting up.
[2024-12-19 12:39:11,351] [PID 8] [Thread-2] [dramatiq.middleware.asyncio.AsyncIO] [INFO] Starting event loop...
[2024-12-19 12:39:11,352] [PID 8] [MainThread] [dramatiq.middleware.asyncio.AsyncIO] [INFO] Event loop is running.
[2024-12-19 12:39:11,359] [PID 8] [MainThread] [dramatiq.WorkerProcess(0)] [INFO] Worker process is ready for action.
[2024-12-19 12:39:11,384] [PID 9] [Thread-2] [dramatiq.middleware.asyncio.AsyncIO] [INFO] Starting event loop...
[2024-12-19 12:39:11,384] [PID 9] [MainThread] [dramatiq.middleware.asyncio.AsyncIO] [INFO] Event loop is running.
[2024-12-19 12:39:11,390] [PID 9] [MainThread] [dramatiq.WorkerProcess(1)] [INFO] Worker process is ready for action.
[2024-12-19 12:39:11,311] [PID 10] [Thread-2] [dramatiq.middleware.asyncio.AsyncIO] [INFO] Starting event loop...
[2024-12-19 12:39:11,311] [PID 10] [MainThread] [dramatiq.middleware.asyncio.AsyncIO] [INFO] Event loop is running.
[2024-12-19 12:39:11,321] [PID 10] [MainThread] [dramatiq.WorkerProcess(2)] [INFO] Worker process is ready for action.
[2024-12-19 12:39:11,303] [PID 11] [Thread-2] [dramatiq.middleware.asyncio.AsyncIO] [INFO] Starting event loop...
[2024-12-19 12:39:11,303] [PID 11] [MainThread] [dramatiq.middleware.asyncio.AsyncIO] [INFO] Event loop is running.
[2024-12-19 12:39:11,311] [PID 11] [MainThread] [dramatiq.WorkerProcess(3)] [INFO] Worker process is ready for action.
[2024-12-19 12:39:11,384] [PID 12] [Thread-2] [dramatiq.middleware.asyncio.AsyncIO] [INFO] Starting event loop...
[2024-12-19 12:39:11,385] [PID 12] [MainThread] [dramatiq.middleware.asyncio.AsyncIO] [INFO] Event loop is running.
[2024-12-19 12:39:11,390] [PID 12] [MainThread] [dramatiq.WorkerProcess(4)] [INFO] Worker process is ready for action.
[2024-12-19 12:39:11,341] [PID 13] [Thread-2] [dramatiq.middleware.asyncio.AsyncIO] [INFO] Starting event loop...
[2024-12-19 12:39:11,341] [PID 13] [MainThread] [dramatiq.middleware.asyncio.AsyncIO] [INFO] Event loop is running.
[2024-12-19 12:39:11,349] [PID 13] [MainThread] [dramatiq.WorkerProcess(5)] [INFO] Worker process is ready for action.
[2024-12-19 12:39:11,311] [PID 14] [Thread-2] [dramatiq.middleware.asyncio.AsyncIO] [INFO] Starting event loop...
[2024-12-19 12:39:11,312] [PID 14] [MainThread] [dramatiq.middleware.asyncio.AsyncIO] [INFO] Event loop is running.
[2024-12-19 12:39:11,320] [PID 14] [MainThread] [dramatiq.WorkerProcess(6)] [INFO] Worker process is ready for action.
[2024-12-19 12:39:11,303] [PID 15] [Thread-2] [dramatiq.middleware.asyncio.AsyncIO] [INFO] Starting event loop...
[2024-12-19 12:39:11,304] [PID 15] [MainThread] [dramatiq.middleware.asyncio.AsyncIO] [INFO] Event loop is running.
[2024-12-19 12:39:11,311] [PID 15] [MainThread] [dramatiq.WorkerProcess(7)] [INFO] Worker process is ready for action.
[2024-12-19 12:39:11,308] [PID 16] [Thread-2] [dramatiq.middleware.asyncio.AsyncIO] [INFO] Starting event loop...
[2024-12-19 12:39:11,308] [PID 16] [MainThread] [dramatiq.middleware.asyncio.AsyncIO] [INFO] Event loop is running.
[2024-12-19 12:39:11,318] [PID 16] [MainThread] [dramatiq.WorkerProcess(8)] [INFO] Worker process is ready for action.
[2024-12-19 12:39:11,303] [PID 17] [Thread-2] [dramatiq.middleware.asyncio.AsyncIO] [INFO] Starting event loop...
[2024-12-19 12:39:11,303] [PID 17] [MainThread] [dramatiq.middleware.asyncio.AsyncIO] [INFO] Event loop is running.
[2024-12-19 12:39:11,312] [PID 17] [MainThread] [dramatiq.WorkerProcess(9)] [INFO] Worker process is ready for action.
[2024-12-19 12:39:11,347] [PID 18] [Thread-2] [dramatiq.middleware.asyncio.AsyncIO] [INFO] Starting event loop...
[2024-12-19 12:39:11,348] [PID 18] [MainThread] [dramatiq.middleware.asyncio.AsyncIO] [INFO] Event loop is running.
[2024-12-19 12:39:11,355] [PID 18] [MainThread] [dramatiq.WorkerProcess(10)] [INFO] Worker process is ready for action.
[2024-12-19 12:39:11,412] [PID 19] [Thread-2] [dramatiq.middleware.asyncio.AsyncIO] [INFO] Starting event loop...
[2024-12-19 12:39:11,413] [PID 19] [MainThread] [dramatiq.middleware.asyncio.AsyncIO] [INFO] Event loop is running.
[2024-12-19 12:39:11,417] [PID 19] [MainThread] [dramatiq.WorkerProcess(11)] [INFO] Worker process is ready for action.
[2024-12-19 12:39:11,315] [PID 20] [Thread-2] [dramatiq.middleware.asyncio.AsyncIO] [INFO] Starting event loop...
[2024-12-19 12:39:11,315] [PID 20] [MainThread] [dramatiq.middleware.asyncio.AsyncIO] [INFO] Event loop is running.
[2024-12-19 12:39:11,322] [PID 20] [MainThread] [dramatiq.WorkerProcess(12)] [INFO] Worker process is ready for action.
[2024-12-19 12:39:11,309] [PID 21] [Thread-2] [dramatiq.middleware.asyncio.AsyncIO] [INFO] Starting event loop...
[2024-12-19 12:39:11,309] [PID 21] [MainThread] [dramatiq.middleware.asyncio.AsyncIO] [INFO] Event loop is running.
[2024-12-19 12:39:11,318] [PID 21] [MainThread] [dramatiq.WorkerProcess(13)] [INFO] Worker process is ready for action.
[2024-12-19 12:39:11,319] [PID 22] [Thread-2] [dramatiq.middleware.asyncio.AsyncIO] [INFO] Starting event loop...
[2024-12-19 12:39:11,320] [PID 22] [MainThread] [dramatiq.middleware.asyncio.AsyncIO] [INFO] Event loop is running.
[2024-12-19 12:39:11,327] [PID 22] [MainThread] [dramatiq.WorkerProcess(14)] [INFO] Worker process is ready for action.
[2024-12-19 12:39:11,303] [PID 23] [Thread-2] [dramatiq.middleware.asyncio.AsyncIO] [INFO] Starting event loop...
[2024-12-19 12:39:11,303] [PID 23] [MainThread] [dramatiq.middleware.asyncio.AsyncIO] [INFO] Event loop is running.
[2024-12-19 12:39:11,316] [PID 23] [MainThread] [dramatiq.WorkerProcess(15)] [INFO] Worker process is ready for action.
[2024-12-19 12:39:11,421] [PID 216] [MainThread] [dramatiq.ForkProcess(0)] [INFO] Fork process 'dramatiq.middleware.prometheus:_run_exposition_server' is ready for action.
